c:\Users\hcz36\documents\visual studio 2010\Projects\QNetworkProtocol\QNetworkProtocol\Debug\cl.command.1.tlog
c:\Users\hcz36\documents\visual studio 2010\Projects\QNetworkProtocol\QNetworkProtocol\Debug\CL.read.1.tlog
c:\Users\hcz36\documents\visual studio 2010\Projects\QNetworkProtocol\QNetworkProtocol\Debug\CL.write.1.tlog
c:\Users\hcz36\documents\visual studio 2010\Projects\QNetworkProtocol\QNetworkProtocol\Debug\custombuild.command.1.tlog
c:\Users\hcz36\documents\visual studio 2010\Projects\QNetworkProtocol\QNetworkProtocol\Debug\custombuild.read.1.tlog
c:\Users\hcz36\documents\visual studio 2010\Projects\QNetworkProtocol\QNetworkProtocol\Debug\custombuild.write.1.tlog
C:\USERS\HCZ36\DOCUMENTS\VISUAL STUDIO 2010\PROJECTS\QNETWORKPROTOCOL\QNETWORKPROTOCOL\DEBUG\DOWNLOAD.OBJ
c:\Users\hcz36\documents\visual studio 2010\Projects\QNetworkProtocol\QNetworkProtocol\Debug\link.command.1.tlog
c:\Users\hcz36\documents\visual studio 2010\Projects\QNetworkProtocol\QNetworkProtocol\Debug\link.read.1.tlog
c:\Users\hcz36\documents\visual studio 2010\Projects\QNetworkProtocol\QNetworkProtocol\Debug\link.write.1.tlog
c:\Users\hcz36\documents\visual studio 2010\Projects\QNetworkProtocol\QNetworkProtocol\Debug\link-cvtres.read.1.tlog
c:\Users\hcz36\documents\visual studio 2010\Projects\QNetworkProtocol\QNetworkProtocol\Debug\link-cvtres.write.1.tlog
C:\USERS\HCZ36\DOCUMENTS\VISUAL STUDIO 2010\PROJECTS\QNETWORKPROTOCOL\QNETWORKPROTOCOL\DEBUG\MAIN.OBJ
C:\USERS\HCZ36\DOCUMENTS\VISUAL STUDIO 2010\PROJECTS\QNETWORKPROTOCOL\QNETWORKPROTOCOL\DEBUG\MOC_DOWNLOAD.OBJ
C:\USERS\HCZ36\DOCUMENTS\VISUAL STUDIO 2010\PROJECTS\QNETWORKPROTOCOL\QNETWORKPROTOCOL\DEBUG\MOC_QNETWORKPROTOCOLDLG.OBJ
c:\Users\hcz36\documents\visual studio 2010\Projects\QNetworkProtocol\QNetworkProtocol\Debug\mt.command.1.tlog
c:\Users\hcz36\documents\visual studio 2010\Projects\QNetworkProtocol\QNetworkProtocol\Debug\mt.read.1.tlog
c:\Users\hcz36\documents\visual studio 2010\Projects\QNetworkProtocol\QNetworkProtocol\Debug\mt.write.1.tlog
C:\USERS\HCZ36\DOCUMENTS\VISUAL STUDIO 2010\PROJECTS\QNETWORKPROTOCOL\QNETWORKPROTOCOL\DEBUG\QNETWORKPROTOCOL.EXE.INTERMEDIATE.MANIFEST
C:\USERS\HCZ36\DOCUMENTS\VISUAL STUDIO 2010\PROJECTS\QNETWORKPROTOCOL\QNETWORKPROTOCOL\DEBUG\QNETWORKPROTOCOL.RES
c:\Users\hcz36\documents\visual studio 2010\Projects\QNetworkProtocol\QNetworkProtocol\Debug\QNetworkProtocol.vcxprojResolveAssemblyReference.cache
c:\Users\hcz36\documents\visual studio 2010\Projects\QNetworkProtocol\QNetworkProtocol\Debug\QNetworkProtocol.write.1.tlog
C:\USERS\HCZ36\DOCUMENTS\VISUAL STUDIO 2010\PROJECTS\QNETWORKPROTOCOL\QNETWORKPROTOCOL\DEBUG\QNETWORKPROTOCOLDLG.OBJ
C:\USERS\HCZ36\DOCUMENTS\VISUAL STUDIO 2010\PROJECTS\QNETWORKPROTOCOL\QNETWORKPROTOCOL\DEBUG\QRC_QNETWORKPROTOCOLDLG.OBJ
c:\Users\hcz36\documents\visual studio 2010\Projects\QNetworkProtocol\QNetworkProtocol\Debug\rc.command.1.tlog
c:\Users\hcz36\documents\visual studio 2010\Projects\QNetworkProtocol\QNetworkProtocol\Debug\rc.read.1.tlog
c:\Users\hcz36\documents\visual studio 2010\Projects\QNetworkProtocol\QNetworkProtocol\Debug\rc.write.1.tlog
C:\USERS\HCZ36\DOCUMENTS\VISUAL STUDIO 2010\PROJECTS\QNETWORKPROTOCOL\QNETWORKPROTOCOL\DEBUG\VC100.PDB
C:\USERS\HCZ36\DOCUMENTS\VISUAL STUDIO 2010\PROJECTS\QNETWORKPROTOCOL\QNETWORKPROTOCOL\GENERATEDFILES\DEBUG\MOC_DOWNLOAD.CPP
C:\USERS\HCZ36\DOCUMENTS\VISUAL STUDIO 2010\PROJECTS\QNETWORKPROTOCOL\QNETWORKPROTOCOL\GENERATEDFILES\DEBUG\MOC_QNETWORKPROTOCOLDLG.CPP
C:\USERS\HCZ36\DOCUMENTS\VISUAL STUDIO 2010\PROJECTS\QNETWORKPROTOCOL\QNETWORKPROTOCOL\GENERATEDFILES\QRC_QNETWORKPROTOCOLDLG.CPP
C:\USERS\HCZ36\DOCUMENTS\VISUAL STUDIO 2010\PROJECTS\QNETWORKPROTOCOL\QNETWORKPROTOCOL\GENERATEDFILES\UI_QNETWORKPROTOCOLDLG.H
C:\USERS\HCZ36\DOCUMENTS\VISUAL STUDIO 2010\PROJECTS\QNETWORKPROTOCOL\WIN32\DEBUG\QNETWORKPROTOCOL.EXE
C:\USERS\HCZ36\DOCUMENTS\VISUAL STUDIO 2010\PROJECTS\QNETWORKPROTOCOL\WIN32\DEBUG\QNETWORKPROTOCOL.ILK
C:\USERS\HCZ36\DOCUMENTS\VISUAL STUDIO 2010\PROJECTS\QNETWORKPROTOCOL\WIN32\DEBUG\QNETWORKPROTOCOL.PDB
